
P A U P *
Version 4.0a (build 168) for macOS (built on Aug  2 2020 at 06:41:30)
Wed Mar 24 13:47:10 2021


paup> svdq taxpartition=species showScores=no seed=123 bootstrap=multilocus loci=lociset nreps=100 nthreads=ncpus treeFile=exonBootstrap_03242021.tre

Error(#210): The 'svdQuartets' command is only valid when an active DATA or CHARACTERS block exists.
                 You first need to execute a file containing one of these blocks.

paup> exe exon_12172020.nex 

Processing of file "~/Desktop/55Genos/SVD/exon_12172020.nex" begins...

Data read in nucleotide format

Data matrix has 47 taxa, 12283 characters
Valid character-state symbols: ACGT
Missing data identified by '?'
Gaps identified by ' '
"Equate" macros in effect:
   R,r ==> {AG}
   Y,y ==> {CT}
   M,m ==> {AC}
   K,k ==> {GT}
   S,s ==> {CG}
   W,w ==> {AT}
   H,h ==> {ACT}
   B,b ==> {CGT}
   V,v ==> {ACG}
   D,d ==> {AGT}
   N,n ==> {ACGT}

Processing of input file "exon_12172020.nex" completed.

paup> svdq taxpartition=species showScores=no seed=123 bootstrap=multilocus loci=lociset nreps=100 nthreads=ncpus treeFile=exonBootstrap_03242021.tre

Analysis using SVDQuartets method

  Number of taxa (lineages) in the analysis = 47
  Tips assigned to species using taxon partition 'species'
  Quartet sampling = random (seed = 123)
  Number of random quartets sampled = 100000
    This number equals the number of taxa raised to the power of 2.99,
    and represents 58.3% of the total number of distinct quartets
  Doing multilocus bootstrap analysis using character partition 'lociset' to designate loci
    Initial bootstrap seed comes from same sequence as random quartet sampling
    Number of bootstrap replicates = 100
  Tree model = multispecies coalescent (expected rank of flattening matrix for true tree = 10)
  Using 6 parallel threads on 6 physical (12 logical) processors
  Tree search:
    Quartet assembly algorithm = QFM
    Local search = none
  Writing trees for bootstrap replicates to file: exonBootstrap_03242021.tre

Quartet assembly completed:
  Total weight of incompatible quartets = 38558 (38.558%)
  Total weight of compatible quartets   = 61442 (61.442%)
  Time used for QFM = 0.02 sec (CPU time = 0.14 sec)

Tree from SVDQuartets analysis (also stored to tree buffer):

/----------------------------------------------------------------------------------------------------------------------------------------------------------------------------------------------------------- A632
|
|            /---------------------------------------------------------------------------------------------------------------------------------------------------------------------------------------------- B104
|            |
|            |           /---------------------------------------------------------------------------------------------------------------------------------------------------------------------------------- B73
|            |           |
|            |           |                                                                                                                                                                    /------------- B97 PI564682
|            |           |                                                                                                                                                        /-----------+
|            |           |                                                                                                                                                        |           \------------- Oh7B Ames19323
|            |           |                                                               /----------------------------------------------------------------------------------------+
|            |           |                                                               |                                                                                        \------------------------- GT112
|            |           |                                                               |
|            |           |                                                               |                                                                                                    /------------- CML10
|            |           |                                                               |                                                                                        /-----------+
|            |           |                                                               |                                                                                        |           \------------- CML277 PI595550
|            |           |                                                               |                                                                           /------------+
|            |           |                                                               |                                                                           |            |           /------------- CML341
|            |           |                                                               |                                                                           |            \-----------+
|            |           |                                                               |                                                              /------------+                        \------------- CML373
|            |           |                                                               |                                                              |            |
|            |           |                                                               |                                                              |            |                        /------------- CML258
\------------+           |                                                               |                                                              |            \------------------------+
             |           |                                                               |                                                              |                                     \------------- Tzi8
             |           |                                                               |                                                  /-----------+
             |           |                                                               |                                                  |           |                                     /------------- CML103 Ames27081
             |           |                                                               |                                                  |           |                         /-----------+
             |           |                                                               |                                                  |           |                         |           \------------- CML322 Ames27096
             |           |                                                               |                                                  |           |            /------------+
             |           |                                                  /------------+                                                  |           \------------+            \------------------------- CML52 PI595561
             |           |                                                  |            |                                     /------------+                        |
             |           |                                                  |            |                                     |            |                        \-------------------------------------- CML333 Ames27101
             |           |                                                  |            |                                     |            |
             |           |                                                  |            |                                     |            |                                                 /------------- CML228 Ames27088
             |           |                                                  |            |                                     |            |                        /------------------------+
             |           |                                                  |            |                                     |            |                        |                        \------------- Ki3 Ames27123
             |           |                                                  |            |                                     |            \------------------------+
             |           |                                                  |            |                                     |                                     |            /------------------------- Ki11 Ames27124
             |           |                                                  |            |                        /------------+                                     |            |
             |           |                                                  |            |                        |            |                                     \------------+           /------------- NC350 Ames27171
             \-----------+                                                  |            |                        |            |                                                  \-----------+
                         |                                                  |            |                        |            |                                                              \------------- Tzi9
                         |                                                  |            |                        |            |
                         |                                                  |            |            /-----------+            |                                                              /------------- CML247 PI595541
                         |                                                  |            |            |           |            |                                                  /-----------+
                         |                                                  |            |            |           |            |                                                  |           \------------- Mo18W PI550441
                         |                                                  |            |            |           |            \--------------------------------------------------+
                         |                                     /------------+            |            |           |                                                               \------------------------- CML69 Ames28184
                         |                                     |            |            |            |           |
                         |                                     |            |            \------------+           \----------------------------------------------------------------------------------------- Tx303 Ames19327
                         |                                     |            |                         |
                         |                                     |            |                         |                                                                                       /------------- M37W Ames27133
                         |                                     |            |                         |                                                                           /-----------+
                         |                                     |            |                         |                                                                           |           \------------- MS71 PI587137
                         |                                     |            |                         \---------------------------------------------------------------------------+
                         |                                     |            |                                                                                                     |           /------------- MR13 Hickory King
                         |                                     |            |                                                                                                     \-----------+
                         |                                     |            |                                                                                                                 \------------- MR20 Shoe Peg
                         |                                     |            |
                         |                                     |            |                                                                                                                 /------------- Hp301 PI587131
                         |                                     |            |                                                                                                     /-----------+
                         |                         /-----------+            |                                                                                                     |           \------------- SA24
                         |                         |           |            |                                                                                        /------------+
                         |                         |           |            |                                                                                        |            \------------------------- P39 Ames28186
                         |                         |           |            |                                                                                        |
                         |                         |           |            \----------------------------------------------------------------------------------------+                        /------------- LH123Ht
                         |                         |           |                                                                                                     |            /-----------+
                         |                         |           |                                                                                                     |            |           \------------- Oh43 Ames19288
                         |                         |           |                                                                                                     \------------+
                         |                         |           |                                                                                                                  |           /------------- Mo17 PI648430
                         |            /------------+           |                                                                                                                  \-----------+
                         |            |            |           |                                                                                                                              \------------- NC262
                         |            |            |           |
                         |            |            |           |                                                                                                                              /------------- Ky21 Ames27130
                         |            |            |           |                                                                                                                  /-----------+
                         |            |            |           |                                                                                                                  |           \------------- MR13 Hickory King Holland
                         \------------+            |           \------------------------------------------------------------------------------------------------------------------+
                                      |            |                                                                                                                              \------------------------- M162W Ames27134
                                      |            |
                                      |            \-------------------------------------------------------------------------------------------------------------------------------------------------------- PHB47
                                      |
                                      \--------------------------------------------------------------------------------------------------------------------------------------------------------------------- W64A

Bootstrap 50% majority-rule consensus tree
   (plus other groups compatible with this tree)

/------------------------------------------------------------------------------------------------------------------------------------------------------------------------------------------------------- A632(1)
|
|                      /-------------------------------------------------------------------------------------------------------------------------------------------------------------------------------- B104(2)
|                      |
|                      |                                                                                                                                                                   /------------ B97 PI564682(4)
|                      |                                                                                                                                                        /----72----+
|                      |                                                                                                                                                        |          \------------ Oh7B Ames19323(34)
|                      |                                                                                                                                            /----26-----+
|                      |                                                                                                                                            |           |          /------------ LH123Ht(22)
|                      |                                                                                                                                            |           \---100----+
|                      |                                                                                                                                /----21-----+                      \------------ Oh43 Ames19288(33)
|                      |                                                                                                                                |           |
|                      |                                                                                                                                |           |                      /------------ Mo17 PI648430(25)
|                      |                                                                                                                                |           \----------39----------+
|                      |                                                                                                                                |                                  \------------ NC262(31)
|                      |                       /---------------------------------------------------10---------------------------------------------------+
|                      |                       |                                                                                                        |                                  /------------ Hp301 PI587131(18)
|                      |                       |                                                                                                        |                       /----90----+
|                      |                       |                                                                                                        |                       |          \------------ SA24(37)
|                      |                       |                                                                                                        |           /----43-----+
|                      |                       |                                                                                                        \----17-----+           \----------------------- PHB47(36)
|                      |                       |                                                                                                                    |
|                      |                       |                                                                                                                    \----------------------------------- P39 Ames28186(35)
|                      |                       |
|                      |                       |                                                                                                                                           /------------ CML10(5)
|                      |                       |                                                                                                                                /----30----+
|                      |                       |                                                                                                                                |          \------------ CML52 PI595561(15)
|                      |                       |                                                                                            /-----------------7-----------------+
|                      |                       |                                                                                            |                                   |          /------------ CML258(9)
|                      |                       |                                                                                            |                                   \----24----+
|                      |                       |                                                                                            |                                              \------------ NC350 Ames27171(32)
|           /----70----+                       |                                                                                            |
|           |          |                       |                                                                                            |                                              /------------ CML103 Ames27081(6)
|           |          |                       |                                                                                            +----------------------37----------------------+
|           |          |                       |                                                                                            |                                              \------------ CML247 PI595541(8)
|           |          |                       |                                                                                            |
|           |          |                       |                                                                                            |                                              /------------ CML277 PI595550(10)
|           |          |                       |                                                                                            |                                   /----35----+
|           |          |                       |                                                                                 /----3-----+                                   |          \------------ CML373(14)
|           |          |                       |                                                                                 |          |                       /----58-----+
|           |          |                       |                                                                                 |          |           /----10-----+           \----------------------- CML341(13)
|           |          |                       |                                                                                 |          |           |           |
|           |          |                       |                                                                                 |          +-----4-----+           \----------------------------------- Tzi8(39)
|           |          |           /----82-----+                                                                                 |          |           |
|           |          |           |           |                                                                                 |          |           \----------------------------------------------- Tzi9(40)
|           |          |           |           |                                                                                 |          |
|           |          |           |           |                                                                                 |          |                                              /------------ CML322 Ames27096(11)
|           |          |           |           |                                                                     /-----9-----+          |                                   /----56----+
|           |          |           |           |                                                                     |           |          |                                   |          \------------ CML69 Ames28184(16)
|           |          |           |           |                                                                     |           |          \----------------10-----------------+
|           |          |           |           |                                                                     |           |                                              |          /------------ Ki11 Ames27124(19)
|           |          |           |           |                                                                     |           |                                              \----15----+
|           |          |           |           |                                                                     |           |                                                         \------------ Mo18W PI550441(26)
|           |          |           |           |                                                                     |           |
|           |          |           |           |                                                         /----33-----+           |                                                         /------------ CML228 Ames27088(7)
|           |          |           |           |                                                         |           |           |                                              /----74----+
\-----------+          |           |           |                                                         |           |           |                                              |          \------------ Ki3 Ames27123(20)
            |          |           |           |                                                         |           |           \----------------------17----------------------+
            |          |           |           |                                              /----28----+           |                                                          \----------------------- CML333 Ames27101(12)
            |          |           |           |                                              |          |           |
            |          |           |           |                                              |          |           \---------------------------------------------------------------------------------- Tx303 Ames19327(38)
            |          \----93-----+           |                                  /----28-----+          |
            |                      |           |                                  |           |          \---------------------------------------------------------------------------------------------- M37W Ames27133(24)
            |                      |           |                                  |           |
            |                      |           |                      /-----7-----+           \--------------------------------------------------------------------------------------------------------- GT112(17)
            |                      |           |                      |           |
            |                      |           |                      |           |                                                                                                        /------------ MR13 Hickory King(27)
            |                      |           |           /----7-----+           \---------------------------------------------------36---------------------------------------------------+
            |                      |           |           |          |                                                                                                                    \------------ MR20 Shoe Peg(29)
            |                      |           |           |          |
            |                      |           |           |          |                                                                                                                    /------------ MR13 Hickory King Holland(28)
            |                      |           \----12-----+          \---------------------------------------------------------31---------------------------------------------------------+
            |                      |                       |                                                                                                                               \------------ MS71 PI587137(30)
            |                      |                       |
            |                      |                       |                                                                                                                               /------------ Ky21 Ames27130(21)
            |                      |                       \--------------------------------------------------------------48---------------------------------------------------------------+
            |                      |                                                                                                                                                       \------------ M162W Ames27134(23)
            |                      |
            |                      \-------------------------------------------------------------------------------------------------------------------------------------------------------------------- W64A(41)
            |
            \------------------------------------------------------------------------------------------------------------------------------------------------------------------------------------------- B73(3)

Bipartitions found in one or more trees and frequency of occurrence (bootstrap support values):

         11111111112222222222333333333344
12345678901234567890123456789012345678901          Freq
-------------------------------------------------------
.....................*..........*........           100
...**************************************            93
.................*..................*....            90
...*************************************.            82
......*............*.....................            74
...*.............................*.......            72
.*.**************************************            70
.........*..**...........................            58
..........*....*.........................            56
....................*.*..................            48
.................*.................**....            43
........................*.....*..........            39
.....*.*.................................            37
..........................*.*............            36
.........*...*...........................            35
....************..**.....*.....*.....***.            33
............**...........................            31
...........................*.*...........            31
....*.........*..........................            30
....************..**...*.*.....*.....***.            28
....*************.**...*.*.....*.....***.            28
...*.................*..........**.......            26
........*......................*.........            24
.....................*........*.*........            23
...*.................*..*.....*.**.......            21
...............................*.......*.            21
........................*.........*......            21
.........*..*............................            20
....*...*.....*..........................            19
.................*................***....            17
..***************************************            17
......*....*.......*.....................            17
...*.................*........*.**.......            17
....*************.**.....*.....*.....***.            16
.....................*..*.....*.*........            15
........*.....*..........................            15
..........................*.**...........            15
..................*......*...............            15
......*............*...........*.........            15
........................*.....*...*......            15
...........*..........................*..            14
....*************.**...*.**.**.*.....***.            13
.................*................*.*....            13
.**......................................            13
..........................*..*...........            12
...**************.*****************..***.            12
............................**...........            12
....*************.***.**.*****.*.....***.            12
....................*......*.............            11
...************************.************.            11
..........*....*..*......................            11
..................*....................*.            10
...*.............*...*..*.....*.*****....            10
........*......*.........................            10
.........*..**........................*..            10
..........*....*..*......*...............            10
..................*............*.........            10
...........*..*..........................            10
.......*...............................*.             9
...........................*......*......             9
...********************************.****.             9
....************..**.....*.....*......**.             9
.........................*............*..             9
.........................*...........*...             9
....................*.*....*.............             9
................*......*.................             9
..........*....*.........*...............             9
.................*......*.....*...*.*....             8
.....*..........*........................             8
....................*.*.....*............             8
...**************.****************...***.             8
......*....*.............................             8
.......................*..*..............             8
.....*....*....*.........................             8
....************..**.....**....*.....***.             8
....*************.**...*.*****.*.....***.             7
..................*....*.................             7
....************..**...*.*.....*......**.             7
...........................*.*....*......             7
....*************.**...*.**.*..*.....***.             7
...........*.........................*...             7
....*...*.....*................*.........             7
......................*.....*............             7
.....*....*..............................             7
....*...*................................             7
.................*.................*.....             7
....*..................................*.             7
....*************.**...*.**....*.....***.             7
.......*.............................*...             7
...*.................*..........*........             7
......................................**.             7
..................*............*.......*.             6
....................*.......*............             6
...*................*............*.......             6
.......*..............................*..             6
.....*.................*.................             6
..............*........................*.             6
....************..**...........*......**.             6
............*.........................*..             6
......*........................*.........             6
...**************.*****************..****             6
................*..................*.....             6
......................*.*................             6
........*.....*................*.........             6
....************..**...*.**.**.*.....***.             5
....*************.**...*.*..*..*.....***.             5
....**...................................             5
..........*....*......................*..             5
....************..**...*.**.*..*.....***.             5
...*................*.*..........*.......             5
....************..**...*.......*.....***.             5
...*..........................*..*.......             5
....*......*.............................             5
...*.............*...*........*.**.**....             5
.......................*...*.............             5
...**************.******************.***.             5
.....................*..........*..*.....             5
...*.................*........*.*........             5
.....*.*.............................*...             5
.......*..........*......................             5
......*............*.................*...             5
........**..**...........................             5
.......*...............*.................             5
.....*..*................................             5
...............*..*......................             5
..............................*...*......             5
.....................................*.*.             5
..................................**.....             5
...************************.*************             5
......*..............................*...             5
...**************.*****************.****.             5
...************************.*.**********.             5

1255 groups at (relative) frequency less than 5% not shown

Bootstrap consensus tree stored to tree buffer (replacing previously stored tree)

Trees from bootstrap replicates written to treefile: ~/Desktop/55Genos/SVD/exonBootstrap_03242021.tre

Time used for SVDQuartet analysis = 00:14:49 (CPU time = 01:28:14.8)

paup> savetrees file=exonBootstrapTree_03242021.tre

1 tree saved to file "~/Desktop/55Genos/SVD/exonBootstrapTree_03242021.tre"

paup> savetrees file=exonBootstrapTree2_03242021.tre

1 tree saved to file "~/Desktop/55Genos/SVD/exonBootstrapTree2_03242021.tre"
